09:20:56 test
	frameWork.base.core.fileSystem.FileSystemTest.case6(FileSystemTest.java:223)
	sun.reflect.NativeMethodAccessorImpl.invoke0(Native Method)
	sun.reflect.NativeMethodAccessorImpl.invoke(NativeMethodAccessorImpl.java:57)
	sun.reflect.DelegatingMethodAccessorImpl.invoke(DelegatingMethodAccessorImpl.java:43)
	java.lang.reflect.Method.invoke(Method.java:601)
	org.junit.runners.model.FrameworkMethod$1.runReflectiveCall(FrameworkMethod.java:47)
	org.junit.internal.runners.model.ReflectiveCallable.run(ReflectiveCallable.java:12)
	org.junit.runners.model.FrameworkMethod.invokeExplosively(FrameworkMethod.java:44)
	org.junit.internal.runners.statements.InvokeMethod.evaluate(InvokeMethod.java:17)
	org.junit.runners.ParentRunner.runLeaf(ParentRunner.java:271)
	org.junit.runners.BlockJUnit4ClassRunner.runChild(BlockJUnit4ClassRunner.java:70)
	org.junit.runners.BlockJUnit4ClassRunner.runChild(BlockJUnit4ClassRunner.java:50)
	org.junit.runners.ParentRunner$3.run(ParentRunner.java:238)
	org.junit.runners.ParentRunner$1.schedule(ParentRunner.java:63)
	org.junit.runners.ParentRunner.runChildren(ParentRunner.java:236)
	org.junit.runners.ParentRunner.access$000(ParentRunner.java:53)
	org.junit.runners.ParentRunner$2.evaluate(ParentRunner.java:229)
	org.junit.internal.runners.statements.RunBefores.evaluate(RunBefores.java:26)
	org.junit.internal.runners.statements.RunAfters.evaluate(RunAfters.java:27)
	org.junit.runners.ParentRunner.run(ParentRunner.java:309)
	org.junit.runners.Suite.runChild(Suite.java:127)
	frameWork.ParallelSuite.access$100(ParallelSuite.java:16)
	frameWork.ParallelSuite$1$1.call(ParallelSuite.java:37)
	java.util.concurrent.FutureTask$Sync.innerRun(FutureTask.java:334)
	java.util.concurrent.FutureTask.run(FutureTask.java:166)
	java.util.concurrent.Executors$RunnableAdapter.call(Executors.java:471)
	java.util.concurrent.FutureTask$Sync.innerRun(FutureTask.java:334)
	java.util.concurrent.FutureTask.run(FutureTask.java:166)
	java.util.concurrent.ThreadPoolExecutor.runWorker(ThreadPoolExecutor.java:1145)
	java.util.concurrent.ThreadPoolExecutor$Worker.run(ThreadPoolExecutor.java:615)
	java.lang.Thread.run(Thread.java:722)
09:22:44 test
	frameWork.base.core.fileSystem.FileSystemTest.case6(FileSystemTest.java:223)
	sun.reflect.NativeMethodAccessorImpl.invoke0(Native Method)
	sun.reflect.NativeMethodAccessorImpl.invoke(NativeMethodAccessorImpl.java:57)
	sun.reflect.DelegatingMethodAccessorImpl.invoke(DelegatingMethodAccessorImpl.java:43)
	java.lang.reflect.Method.invoke(Method.java:601)
	org.junit.runners.model.FrameworkMethod$1.runReflectiveCall(FrameworkMethod.java:47)
	org.junit.internal.runners.model.ReflectiveCallable.run(ReflectiveCallable.java:12)
	org.junit.runners.model.FrameworkMethod.invokeExplosively(FrameworkMethod.java:44)
	org.junit.internal.runners.statements.InvokeMethod.evaluate(InvokeMethod.java:17)
	org.junit.runners.ParentRunner.runLeaf(ParentRunner.java:271)
	org.junit.runners.BlockJUnit4ClassRunner.runChild(BlockJUnit4ClassRunner.java:70)
	org.junit.runners.BlockJUnit4ClassRunner.runChild(BlockJUnit4ClassRunner.java:50)
	org.junit.runners.ParentRunner$3.run(ParentRunner.java:238)
	org.junit.runners.ParentRunner$1.schedule(ParentRunner.java:63)
	org.junit.runners.ParentRunner.runChildren(ParentRunner.java:236)
	org.junit.runners.ParentRunner.access$000(ParentRunner.java:53)
	org.junit.runners.ParentRunner$2.evaluate(ParentRunner.java:229)
	org.junit.internal.runners.statements.RunBefores.evaluate(RunBefores.java:26)
	org.junit.internal.runners.statements.RunAfters.evaluate(RunAfters.java:27)
	org.junit.runners.ParentRunner.run(ParentRunner.java:309)
	org.junit.runners.Suite.runChild(Suite.java:127)
	frameWork.ParallelSuite.access$100(ParallelSuite.java:16)
	frameWork.ParallelSuite$1$1.call(ParallelSuite.java:37)
	java.util.concurrent.FutureTask$Sync.innerRun(FutureTask.java:334)
	java.util.concurrent.FutureTask.run(FutureTask.java:166)
	java.util.concurrent.Executors$RunnableAdapter.call(Executors.java:471)
	java.util.concurrent.FutureTask$Sync.innerRun(FutureTask.java:334)
	java.util.concurrent.FutureTask.run(FutureTask.java:166)
	java.util.concurrent.ThreadPoolExecutor.runWorker(ThreadPoolExecutor.java:1145)
	java.util.concurrent.ThreadPoolExecutor$Worker.run(ThreadPoolExecutor.java:615)
	java.lang.Thread.run(Thread.java:722)
09:24:40 test
	frameWork.base.core.fileSystem.FileSystemTest.case6(FileSystemTest.java:223)
	sun.reflect.NativeMethodAccessorImpl.invoke0(Native Method)
	sun.reflect.NativeMethodAccessorImpl.invoke(NativeMethodAccessorImpl.java:57)
	sun.reflect.DelegatingMethodAccessorImpl.invoke(DelegatingMethodAccessorImpl.java:43)
	java.lang.reflect.Method.invoke(Method.java:601)
	org.junit.runners.model.FrameworkMethod$1.runReflectiveCall(FrameworkMethod.java:47)
	org.junit.internal.runners.model.ReflectiveCallable.run(ReflectiveCallable.java:12)
	org.junit.runners.model.FrameworkMethod.invokeExplosively(FrameworkMethod.java:44)
	org.junit.internal.runners.statements.InvokeMethod.evaluate(InvokeMethod.java:17)
	org.junit.runners.ParentRunner.runLeaf(ParentRunner.java:271)
	org.junit.runners.BlockJUnit4ClassRunner.runChild(BlockJUnit4ClassRunner.java:70)
	org.junit.runners.BlockJUnit4ClassRunner.runChild(BlockJUnit4ClassRunner.java:50)
	org.junit.runners.ParentRunner$3.run(ParentRunner.java:238)
	org.junit.runners.ParentRunner$1.schedule(ParentRunner.java:63)
	org.junit.runners.ParentRunner.runChildren(ParentRunner.java:236)
	org.junit.runners.ParentRunner.access$000(ParentRunner.java:53)
	org.junit.runners.ParentRunner$2.evaluate(ParentRunner.java:229)
	org.junit.internal.runners.statements.RunBefores.evaluate(RunBefores.java:26)
	org.junit.internal.runners.statements.RunAfters.evaluate(RunAfters.java:27)
	org.junit.runners.ParentRunner.run(ParentRunner.java:309)
	org.junit.runners.Suite.runChild(Suite.java:127)
	frameWork.ParallelSuite.access$100(ParallelSuite.java:16)
	frameWork.ParallelSuite$1$1.call(ParallelSuite.java:37)
	java.util.concurrent.FutureTask$Sync.innerRun(FutureTask.java:334)
	java.util.concurrent.FutureTask.run(FutureTask.java:166)
	java.util.concurrent.Executors$RunnableAdapter.call(Executors.java:471)
	java.util.concurrent.FutureTask$Sync.innerRun(FutureTask.java:334)
	java.util.concurrent.FutureTask.run(FutureTask.java:166)
	java.util.concurrent.ThreadPoolExecutor.runWorker(ThreadPoolExecutor.java:1145)
	java.util.concurrent.ThreadPoolExecutor$Worker.run(ThreadPoolExecutor.java:615)
	java.lang.Thread.run(Thread.java:722)
09:27:52 test
	frameWork.base.core.fileSystem.FileSystemTest.case6(FileSystemTest.java:223)
	sun.reflect.NativeMethodAccessorImpl.invoke0(Native Method)
	sun.reflect.NativeMethodAccessorImpl.invoke(NativeMethodAccessorImpl.java:57)
	sun.reflect.DelegatingMethodAccessorImpl.invoke(DelegatingMethodAccessorImpl.java:43)
	java.lang.reflect.Method.invoke(Method.java:601)
	org.junit.runners.model.FrameworkMethod$1.runReflectiveCall(FrameworkMethod.java:47)
	org.junit.internal.runners.model.ReflectiveCallable.run(ReflectiveCallable.java:12)
	org.junit.runners.model.FrameworkMethod.invokeExplosively(FrameworkMethod.java:44)
	org.junit.internal.runners.statements.InvokeMethod.evaluate(InvokeMethod.java:17)
	org.junit.runners.ParentRunner.runLeaf(ParentRunner.java:271)
	org.junit.runners.BlockJUnit4ClassRunner.runChild(BlockJUnit4ClassRunner.java:70)
	org.junit.runners.BlockJUnit4ClassRunner.runChild(BlockJUnit4ClassRunner.java:50)
	org.junit.runners.ParentRunner$3.run(ParentRunner.java:238)
	org.junit.runners.ParentRunner$1.schedule(ParentRunner.java:63)
	org.junit.runners.ParentRunner.runChildren(ParentRunner.java:236)
	org.junit.runners.ParentRunner.access$000(ParentRunner.java:53)
	org.junit.runners.ParentRunner$2.evaluate(ParentRunner.java:229)
	org.junit.internal.runners.statements.RunBefores.evaluate(RunBefores.java:26)
	org.junit.internal.runners.statements.RunAfters.evaluate(RunAfters.java:27)
	org.junit.runners.ParentRunner.run(ParentRunner.java:309)
	org.junit.runners.Suite.runChild(Suite.java:127)
	frameWork.ParallelSuite.access$100(ParallelSuite.java:16)
	frameWork.ParallelSuite$1$1.call(ParallelSuite.java:37)
	java.util.concurrent.FutureTask$Sync.innerRun(FutureTask.java:334)
	java.util.concurrent.FutureTask.run(FutureTask.java:166)
	java.util.concurrent.Executors$RunnableAdapter.call(Executors.java:471)
	java.util.concurrent.FutureTask$Sync.innerRun(FutureTask.java:334)
	java.util.concurrent.FutureTask.run(FutureTask.java:166)
	java.util.concurrent.ThreadPoolExecutor.runWorker(ThreadPoolExecutor.java:1145)
	java.util.concurrent.ThreadPoolExecutor$Worker.run(ThreadPoolExecutor.java:615)
	java.lang.Thread.run(Thread.java:722)
09:51:56 test
	frameWork.base.core.fileSystem.FileSystemTest.case6(FileSystemTest.java:223)
	sun.reflect.NativeMethodAccessorImpl.invoke0(Native Method)
	sun.reflect.NativeMethodAccessorImpl.invoke(NativeMethodAccessorImpl.java:57)
	sun.reflect.DelegatingMethodAccessorImpl.invoke(DelegatingMethodAccessorImpl.java:43)
	java.lang.reflect.Method.invoke(Method.java:601)
	org.junit.runners.model.FrameworkMethod$1.runReflectiveCall(FrameworkMethod.java:47)
	org.junit.internal.runners.model.ReflectiveCallable.run(ReflectiveCallable.java:12)
	org.junit.runners.model.FrameworkMethod.invokeExplosively(FrameworkMethod.java:44)
	org.junit.internal.runners.statements.InvokeMethod.evaluate(InvokeMethod.java:17)
	org.junit.runners.ParentRunner.runLeaf(ParentRunner.java:271)
	org.junit.runners.BlockJUnit4ClassRunner.runChild(BlockJUnit4ClassRunner.java:70)
	org.junit.runners.BlockJUnit4ClassRunner.runChild(BlockJUnit4ClassRunner.java:50)
	org.junit.runners.ParentRunner$3.run(ParentRunner.java:238)
	org.junit.runners.ParentRunner$1.schedule(ParentRunner.java:63)
	org.junit.runners.ParentRunner.runChildren(ParentRunner.java:236)
	org.junit.runners.ParentRunner.access$000(ParentRunner.java:53)
	org.junit.runners.ParentRunner$2.evaluate(ParentRunner.java:229)
	org.junit.internal.runners.statements.RunBefores.evaluate(RunBefores.java:26)
	org.junit.internal.runners.statements.RunAfters.evaluate(RunAfters.java:27)
	org.junit.runners.ParentRunner.run(ParentRunner.java:309)
	org.junit.runners.Suite.runChild(Suite.java:127)
	frameWork.ParallelSuite.access$100(ParallelSuite.java:16)
	frameWork.ParallelSuite$1$1.call(ParallelSuite.java:37)
	java.util.concurrent.FutureTask$Sync.innerRun(FutureTask.java:334)
	java.util.concurrent.FutureTask.run(FutureTask.java:166)
	java.util.concurrent.Executors$RunnableAdapter.call(Executors.java:471)
	java.util.concurrent.FutureTask$Sync.innerRun(FutureTask.java:334)
	java.util.concurrent.FutureTask.run(FutureTask.java:166)
	java.util.concurrent.ThreadPoolExecutor.runWorker(ThreadPoolExecutor.java:1145)
	java.util.concurrent.ThreadPoolExecutor$Worker.run(ThreadPoolExecutor.java:615)
	java.lang.Thread.run(Thread.java:722)
09:53:42 test
	frameWork.base.core.fileSystem.FileSystemTest.case6(FileSystemTest.java:223)
	sun.reflect.NativeMethodAccessorImpl.invoke0(Native Method)
	sun.reflect.NativeMethodAccessorImpl.invoke(NativeMethodAccessorImpl.java:57)
	sun.reflect.DelegatingMethodAccessorImpl.invoke(DelegatingMethodAccessorImpl.java:43)
	java.lang.reflect.Method.invoke(Method.java:601)
	org.junit.runners.model.FrameworkMethod$1.runReflectiveCall(FrameworkMethod.java:47)
	org.junit.internal.runners.model.ReflectiveCallable.run(ReflectiveCallable.java:12)
	org.junit.runners.model.FrameworkMethod.invokeExplosively(FrameworkMethod.java:44)
	org.junit.internal.runners.statements.InvokeMethod.evaluate(InvokeMethod.java:17)
	org.junit.runners.ParentRunner.runLeaf(ParentRunner.java:271)
	org.junit.runners.BlockJUnit4ClassRunner.runChild(BlockJUnit4ClassRunner.java:70)
	org.junit.runners.BlockJUnit4ClassRunner.runChild(BlockJUnit4ClassRunner.java:50)
	org.junit.runners.ParentRunner$3.run(ParentRunner.java:238)
	org.junit.runners.ParentRunner$1.schedule(ParentRunner.java:63)
	org.junit.runners.ParentRunner.runChildren(ParentRunner.java:236)
	org.junit.runners.ParentRunner.access$000(ParentRunner.java:53)
	org.junit.runners.ParentRunner$2.evaluate(ParentRunner.java:229)
	org.junit.internal.runners.statements.RunBefores.evaluate(RunBefores.java:26)
	org.junit.internal.runners.statements.RunAfters.evaluate(RunAfters.java:27)
	org.junit.runners.ParentRunner.run(ParentRunner.java:309)
	org.junit.runners.Suite.runChild(Suite.java:127)
	frameWork.ParallelSuite.access$100(ParallelSuite.java:16)
	frameWork.ParallelSuite$1$1.call(ParallelSuite.java:37)
	java.util.concurrent.FutureTask$Sync.innerRun(FutureTask.java:334)
	java.util.concurrent.FutureTask.run(FutureTask.java:166)
	java.util.concurrent.Executors$RunnableAdapter.call(Executors.java:471)
	java.util.concurrent.FutureTask$Sync.innerRun(FutureTask.java:334)
	java.util.concurrent.FutureTask.run(FutureTask.java:166)
	java.util.concurrent.ThreadPoolExecutor.runWorker(ThreadPoolExecutor.java:1145)
	java.util.concurrent.ThreadPoolExecutor$Worker.run(ThreadPoolExecutor.java:615)
	java.lang.Thread.run(Thread.java:722)
09:59:34 test
	frameWork.base.core.fileSystem.FileSystemTest.case6(FileSystemTest.java:223)
	sun.reflect.NativeMethodAccessorImpl.invoke0(Native Method)
	sun.reflect.NativeMethodAccessorImpl.invoke(NativeMethodAccessorImpl.java:57)
	sun.reflect.DelegatingMethodAccessorImpl.invoke(DelegatingMethodAccessorImpl.java:43)
	java.lang.reflect.Method.invoke(Method.java:601)
	org.junit.runners.model.FrameworkMethod$1.runReflectiveCall(FrameworkMethod.java:47)
	org.junit.internal.runners.model.ReflectiveCallable.run(ReflectiveCallable.java:12)
	org.junit.runners.model.FrameworkMethod.invokeExplosively(FrameworkMethod.java:44)
	org.junit.internal.runners.statements.InvokeMethod.evaluate(InvokeMethod.java:17)
	org.junit.runners.ParentRunner.runLeaf(ParentRunner.java:271)
	org.junit.runners.BlockJUnit4ClassRunner.runChild(BlockJUnit4ClassRunner.java:70)
	org.junit.runners.BlockJUnit4ClassRunner.runChild(BlockJUnit4ClassRunner.java:50)
	org.junit.runners.ParentRunner$3.run(ParentRunner.java:238)
	org.junit.runners.ParentRunner$1.schedule(ParentRunner.java:63)
	org.junit.runners.ParentRunner.runChildren(ParentRunner.java:236)
	org.junit.runners.ParentRunner.access$000(ParentRunner.java:53)
	org.junit.runners.ParentRunner$2.evaluate(ParentRunner.java:229)
	org.junit.internal.runners.statements.RunBefores.evaluate(RunBefores.java:26)
	org.junit.internal.runners.statements.RunAfters.evaluate(RunAfters.java:27)
	org.junit.runners.ParentRunner.run(ParentRunner.java:309)
	org.junit.runners.Suite.runChild(Suite.java:127)
	frameWork.ParallelSuite.access$100(ParallelSuite.java:16)
	frameWork.ParallelSuite$1$1.call(ParallelSuite.java:37)
	java.util.concurrent.FutureTask$Sync.innerRun(FutureTask.java:334)
	java.util.concurrent.FutureTask.run(FutureTask.java:166)
	java.util.concurrent.Executors$RunnableAdapter.call(Executors.java:471)
	java.util.concurrent.FutureTask$Sync.innerRun(FutureTask.java:334)
	java.util.concurrent.FutureTask.run(FutureTask.java:166)
	java.util.concurrent.ThreadPoolExecutor.runWorker(ThreadPoolExecutor.java:1145)
	java.util.concurrent.ThreadPoolExecutor$Worker.run(ThreadPoolExecutor.java:615)
	java.lang.Thread.run(Thread.java:722)
10:00:23 test
	frameWork.base.core.fileSystem.FileSystemTest.case6(FileSystemTest.java:223)
	sun.reflect.NativeMethodAccessorImpl.invoke0(Native Method)
	sun.reflect.NativeMethodAccessorImpl.invoke(NativeMethodAccessorImpl.java:57)
	sun.reflect.DelegatingMethodAccessorImpl.invoke(DelegatingMethodAccessorImpl.java:43)
	java.lang.reflect.Method.invoke(Method.java:601)
	org.junit.runners.model.FrameworkMethod$1.runReflectiveCall(FrameworkMethod.java:47)
	org.junit.internal.runners.model.ReflectiveCallable.run(ReflectiveCallable.java:12)
	org.junit.runners.model.FrameworkMethod.invokeExplosively(FrameworkMethod.java:44)
	org.junit.internal.runners.statements.InvokeMethod.evaluate(InvokeMethod.java:17)
	org.junit.runners.ParentRunner.runLeaf(ParentRunner.java:271)
	org.junit.runners.BlockJUnit4ClassRunner.runChild(BlockJUnit4ClassRunner.java:70)
	org.junit.runners.BlockJUnit4ClassRunner.runChild(BlockJUnit4ClassRunner.java:50)
	org.junit.runners.ParentRunner$3.run(ParentRunner.java:238)
	org.junit.runners.ParentRunner$1.schedule(ParentRunner.java:63)
	org.junit.runners.ParentRunner.runChildren(ParentRunner.java:236)
	org.junit.runners.ParentRunner.access$000(ParentRunner.java:53)
	org.junit.runners.ParentRunner$2.evaluate(ParentRunner.java:229)
	org.junit.internal.runners.statements.RunBefores.evaluate(RunBefores.java:26)
	org.junit.internal.runners.statements.RunAfters.evaluate(RunAfters.java:27)
	org.junit.runners.ParentRunner.run(ParentRunner.java:309)
	org.junit.runners.Suite.runChild(Suite.java:127)
	frameWork.ParallelSuite.access$100(ParallelSuite.java:16)
	frameWork.ParallelSuite$1$1.call(ParallelSuite.java:37)
	java.util.concurrent.FutureTask$Sync.innerRun(FutureTask.java:334)
	java.util.concurrent.FutureTask.run(FutureTask.java:166)
	java.util.concurrent.Executors$RunnableAdapter.call(Executors.java:471)
	java.util.concurrent.FutureTask$Sync.innerRun(FutureTask.java:334)
	java.util.concurrent.FutureTask.run(FutureTask.java:166)
	java.util.concurrent.ThreadPoolExecutor.runWorker(ThreadPoolExecutor.java:1145)
	java.util.concurrent.ThreadPoolExecutor$Worker.run(ThreadPoolExecutor.java:615)
	java.lang.Thread.run(Thread.java:722)
19:53:29 test
	frameWork.base.core.fileSystem.FileSystemTest.case6(FileSystemTest.java:223)
	sun.reflect.NativeMethodAccessorImpl.invoke0(Native Method)
	sun.reflect.NativeMethodAccessorImpl.invoke(NativeMethodAccessorImpl.java:57)
	sun.reflect.DelegatingMethodAccessorImpl.invoke(DelegatingMethodAccessorImpl.java:43)
	java.lang.reflect.Method.invoke(Method.java:601)
	org.junit.runners.model.FrameworkMethod$1.runReflectiveCall(FrameworkMethod.java:47)
	org.junit.internal.runners.model.ReflectiveCallable.run(ReflectiveCallable.java:12)
	org.junit.runners.model.FrameworkMethod.invokeExplosively(FrameworkMethod.java:44)
	org.junit.internal.runners.statements.InvokeMethod.evaluate(InvokeMethod.java:17)
	org.junit.runners.ParentRunner.runLeaf(ParentRunner.java:271)
	org.junit.runners.BlockJUnit4ClassRunner.runChild(BlockJUnit4ClassRunner.java:70)
	org.junit.runners.BlockJUnit4ClassRunner.runChild(BlockJUnit4ClassRunner.java:50)
	org.junit.runners.ParentRunner$3.run(ParentRunner.java:238)
	org.junit.runners.ParentRunner$1.schedule(ParentRunner.java:63)
	org.junit.runners.ParentRunner.runChildren(ParentRunner.java:236)
	org.junit.runners.ParentRunner.access$000(ParentRunner.java:53)
	org.junit.runners.ParentRunner$2.evaluate(ParentRunner.java:229)
	org.junit.internal.runners.statements.RunBefores.evaluate(RunBefores.java:26)
	org.junit.internal.runners.statements.RunAfters.evaluate(RunAfters.java:27)
	org.junit.runners.ParentRunner.run(ParentRunner.java:309)
	org.junit.runners.Suite.runChild(Suite.java:127)
	frameWork.ParallelSuite.access$100(ParallelSuite.java:16)
	frameWork.ParallelSuite$1$1.call(ParallelSuite.java:37)
	java.util.concurrent.FutureTask$Sync.innerRun(FutureTask.java:334)
	java.util.concurrent.FutureTask.run(FutureTask.java:166)
	java.util.concurrent.Executors$RunnableAdapter.call(Executors.java:471)
	java.util.concurrent.FutureTask$Sync.innerRun(FutureTask.java:334)
	java.util.concurrent.FutureTask.run(FutureTask.java:166)
	java.util.concurrent.ThreadPoolExecutor.runWorker(ThreadPoolExecutor.java:1145)
	java.util.concurrent.ThreadPoolExecutor$Worker.run(ThreadPoolExecutor.java:615)
	java.lang.Thread.run(Thread.java:722)
